<?xml version="1.0" encoding="UTF-8"?>
<testng-results ignored="0" total="2" passed="2" failed="0" skipped="0">
  <reporter-output>
  </reporter-output>
  <suite started-at="2023-07-27T20:12:11 IST" name="Default suite" finished-at="2023-07-27T20:12:30 IST" duration-ms="18435">
    <groups>
    </groups>
    <test started-at="2023-07-27T20:12:11 IST" name="Default test" finished-at="2023-07-27T20:12:30 IST" duration-ms="18435">
      <class name="TestNg.NewCustomerTC">
        <test-method is-config="true" signature="beforeTest()[pri:0, instance:TestNg.NewCustomerTC@2c0f7678]" started-at="2023-07-27T20:12:11 IST" name="beforeTest" finished-at="2023-07-27T20:12:21 IST" duration-ms="9670" status="PASS">
          <reporter-output>
          </reporter-output>
        </test-method> <!-- beforeTest -->
        <test-method signature="AddCustomer()[pri:0, instance:TestNg.NewCustomerTC@2c0f7678]" started-at="2023-07-27T20:12:21 IST" name="AddCustomer" finished-at="2023-07-27T20:12:25 IST" duration-ms="3465" status="PASS">
          <reporter-output>
          </reporter-output>
        </test-method> <!-- AddCustomer -->
        <test-method is-config="true" signature="beforeTest()[pri:0, instance:TestNg.NewCustomerTC@2c0f7678]" started-at="2023-07-27T20:12:25 IST" name="beforeTest" finished-at="2023-07-27T20:12:26 IST" duration-ms="1229" status="PASS">
          <reporter-output>
          </reporter-output>
        </test-method> <!-- beforeTest -->
        <test-method signature="enterAddCustForm()[pri:0, instance:TestNg.NewCustomerTC@2c0f7678]" started-at="2023-07-27T20:12:26 IST" name="enterAddCustForm" finished-at="2023-07-27T20:12:30 IST" duration-ms="3988" status="PASS">
          <reporter-output>
          </reporter-output>
        </test-method> <!-- enterAddCustForm -->
      </class> <!-- TestNg.NewCustomerTC -->
    </test> <!-- Default test -->
  </suite> <!-- Default suite -->
</testng-results>
